<?xml version="1.0" encoding="utf-8"?><testsuites name="pytest tests"><testsuite name="pytest" errors="0" failures="0" skipped="0" tests="19" time="9.836" timestamp="2026-08-23T21:20:58.290020+00:00" hostname="agent-env-b39aa8f7-3cd2-4133-9c7f-589246b8aa9e"><testcase classname="tests.test_v6_coverage_used.TestStoryCrudRegression" name="test_list_stories" time="0.193" /><testcase classname="tests.test_v6_coverage_used.TestStoryCrudRegression" name="test_create_patch_delete" time="0.276" /><testcase classname="tests.test_v6_coverage_used.TestMarkUsed" name="test_mark_with_round" time="0.508" /><testcase classname="tests.test_v6_coverage_used.TestStoryCrudRegression" name="test_patch_bad_id_404" time="0.052" /><testcase classname="tests.test_v6_coverage_used.TestMarkUsed" name="test_mark_dedup" time="0.076" /><testcase classname="tests.test_v6_coverage_used.TestStoryCrudRegression" name="test_patch_no_changes_400" time="0.093" /><testcase classname="tests.test_v6_coverage_used.TestMarkUsed" name="test_mark_without_round" time="0.122" /><testcase classname="tests.test_v6_coverage_used.TestStoryCrudRegression" name="test_polish_story" time="7.836" /><testcase classname="tests.test_v6_coverage_used.TestMarkUsed" name="test_mark_bad_story_404" time="0.138" /><testcase classname="tests.test_v6_coverage_used.TestMarkUsed" name="test_mark_empty_company_400" time="0.077" /><testcase classname="tests.test_v6_coverage_used.TestMarkUsed" name="test_mark_missing_company_422" time="0.073" /><testcase classname="tests.test_v6_coverage_used.TestMatch" name="test_match_existing_body_shape" time="1.977" /><testcase classname="tests.test_v6_coverage_used.TestMatch" name="test_match_with_interviewing_at" time="1.858" /><testcase classname="tests.test_v6_coverage_used.TestMatch" name="test_match_missing_question_422" time="0.153" /><testcase classname="tests.test_v6_coverage_used.TestStoryCrudRegression" name="test_polish_bad_id_404" time="0.048" /><testcase classname="tests.test_v6_coverage_used.TestCoverage" name="test_coverage_shape" time="0.057" /><testcase classname="tests.test_v6_coverage_used.TestCoverage" name="test_coverage_reacts_to_new_story" time="0.153" /><testcase classname="tests.test_v6_coverage_used.TestCoverage" name="test_coverage_substring_theme_match" time="0.148" /><testcase classname="tests.test_v6_coverage_used.TestCoverage" name="test_coverage_not_stored" time="0.456" /></testsuite></testsuites>