<?xml version="1.0" encoding="utf-8"?><testsuites name="pytest tests"><testsuite name="pytest" errors="0" failures="0" skipped="0" tests="29" time="17.079" timestamp="2026-09-01T10:09:22.746855+00:00" hostname="agent-env-b39aa8f7-3cd2-4133-9c7f-589246b8aa9e"><testcase classname="tests.test_v6_coverage_used.TestStoryCrudRegression" name="test_list_stories" time="0.279" /><testcase classname="tests.test_v6_coverage_used.TestStoryCrudRegression" name="test_create_patch_delete" time="0.365" /><testcase classname="tests.test_v6_coverage_used.TestMarkUsed" name="test_mark_with_round" time="0.531" /><testcase classname="tests.test_v6_coverage_used.TestMarkUsed" name="test_mark_dedup" time="0.077" /><testcase classname="tests.test_v6_coverage_used.TestMarkUsed" name="test_mark_without_round" time="0.077" /><testcase classname="tests.test_v6_coverage_used.TestStoryCrudRegression" name="test_patch_bad_id_404" time="0.102" /><testcase classname="tests.test_v6_coverage_used.TestMarkUsed" name="test_mark_bad_story_404" time="0.078" /><testcase classname="tests.test_v6_coverage_used.TestStoryCrudRegression" name="test_patch_no_changes_400" time="0.064" /><testcase classname="tests.test_v6_coverage_used.TestMarkUsed" name="test_mark_empty_company_400" time="0.078" /><testcase classname="tests.test_v6_coverage_used.TestStoryCrudRegression" name="test_polish_story" time="7.176" /><testcase classname="tests.test_v6_coverage_used.TestMarkUsed" name="test_mark_missing_company_422" time="0.085" /><testcase classname="tests.test_v6_coverage_used.TestCoverage" name="test_coverage_shape" time="0.077" /><testcase classname="tests.test_v6_coverage_used.TestCoverage" name="test_coverage_reacts_to_new_story" time="0.230" /><testcase classname="tests.test_v6_coverage_used.TestCoverage" name="test_coverage_substring_theme_match" time="0.229" /><testcase classname="tests.test_v6_coverage_used.TestCoverage" name="test_coverage_not_stored" time="0.619" /><testcase classname="tests.test_v4_reminders_stories.TestStories" name="test_list_seeded_stories" time="0.184" /><testcase classname="tests.test_v4_reminders_stories.TestStories" name="test_crud_story" time="0.314" /><testcase classname="tests.test_v4_reminders_stories.TestStories" name="test_polish_story_with_claude" time="7.639" /><testcase classname="tests.test_v6_coverage_used.TestStoryCrudRegression" name="test_polish_bad_id_404" time="0.068" /><testcase classname="tests.test_v4_reminders_stories.TestReminders" name="test_list_reminders_shape_and_seeds" time="0.174" /><testcase classname="tests.test_v4_reminders_stories.TestReminders" name="test_sorted_by_urgency" time="0.074" /><testcase classname="tests.test_v4_reminders_stories.TestReminders" name="test_dismiss_reminder_disappears" time="0.371" /><testcase classname="tests.test_v5_match_snooze.TestStoryMatcher" name="test_match_leadership_question_returns_isb" time="3.411" /><testcase classname="tests.test_v6_coverage_used.TestMatch" name="test_match_existing_body_shape" time="2.204" /><testcase classname="tests.test_v5_match_snooze.TestStoryMatcher" name="test_match_nonsense_returns_few" time="0.967" /><testcase classname="tests.test_v6_coverage_used.TestMatch" name="test_match_with_interviewing_at" time="4.018" /><testcase classname="tests.test_v5_match_snooze.TestSnoozeReminder" name="test_snooze_hides_reminder_today" time="0.292" /><testcase classname="tests.test_v5_match_snooze.TestSnoozeReminder" name="test_snooze_distinct_from_dismiss" time="0.410" /><testcase classname="tests.test_v6_coverage_used.TestMatch" name="test_match_missing_question_422" time="0.088" /></testsuite></testsuites>