<?xml version="1.0" encoding="utf-8"?><testsuites name="pytest tests"><testsuite name="pytest" errors="0" failures="0" skipped="0" tests="16" time="26.696" timestamp="2026-09-01T10:08:51.153360+00:00" hostname="agent-env-b39aa8f7-3cd2-4133-9c7f-589246b8aa9e"><testcase classname="tests.test_v7_hardening_regression.TestSmoke" name="test_dream_offer_overview" time="2.409" /><testcase classname="tests.test_v7_hardening_regression.TestReminders" name="test_list_reminders_shape_and_seeded" time="2.324" /><testcase classname="tests.test_v7_hardening_regression.TestReminders" name="test_relative_detail_for_deadline" time="0.062" /><testcase classname="tests.test_v7_hardening_regression.TestReminders" name="test_snooze_hides_then_dismiss" time="0.228" /><testcase classname="tests.test_v7_hardening_regression.TestSmoke" name="test_memory_list" time="0.077" /><testcase classname="tests.test_v7_hardening_regression.TestSmoke" name="test_knowledge_list_and_search" time="4.624" /><testcase classname="tests.test_v7_hardening_regression.TestReminders" name="test_birthday_parsing_month_day_and_iso" time="0.561" /><testcase classname="tests.test_v7_hardening_regression.TestReminders" name="test_birthday_invalid_string_no_crash" time="0.180" /><testcase classname="tests.test_v7_hardening_regression.TestPeople" name="test_seeded_people_with_important" time="0.061" /><testcase classname="tests.test_v7_hardening_regression.TestPeople" name="test_create_and_delete" time="0.239" /><testcase classname="tests.test_v7_hardening_regression.TestHealth" name="test_root_api" time="0.059" /><testcase classname="tests.test_v7_hardening_regression.TestReflection" name="test_weekly" time="6.837" /><testcase classname="tests.test_v7_hardening_regression.TestSmoke" name="test_stories_list_coverage_match" time="2.433" /><testcase classname="tests.test_v7_hardening_regression.TestConversation" name="test_message_returns_contract" time="4.357" /><testcase classname="tests.test_v7_hardening_regression.TestConversation" name="test_message_follow_up_same_conversation" time="7.312" /><testcase classname="tests.test_v7_hardening_regression.TestConversation" name="test_stream_sse_events" time="4.898" /></testsuite></testsuites>