<?xml version="1.0" encoding="utf-8"?><testsuites name="pytest tests"><testsuite name="pytest" errors="0" failures="0" skipped="0" tests="5" time="2.734" timestamp="2026-09-02T08:50:27.662099+00:00" hostname="agent-env-b39aa8f7-3cd2-4133-9c7f-589246b8aa9e"><testcase classname="tests.test_v8_intake.TestBaseline" name="test_status_shape" time="0.153" /><testcase classname="tests.test_v8_intake.TestCommit" name="test_empty_commit_succeeds" time="0.410" /><testcase classname="tests.test_v8_intake.TestBaseline" name="test_preloaded_candidates_and_companies" time="0.128" /><testcase classname="tests.test_v8_intake.TestCommit" name="test_full_commit_and_propagation" time="0.771" /><testcase classname="tests.test_v8_intake.TestCommit" name="test_status_true_after_commit" time="0.885" /></testsuite></testsuites>